<?xml version="1.0" encoding="UTF-8"?>
<!-- Generated by org.testng.reporters.JUnitReportReporter -->
<testsuite hostname="Vinitha-LT" failures="0" tests="1" name="Com.Testcase.SampleProgram" time="0.026" errors="0" timestamp="2022-03-27T05:41:06 PDT" skipped="0">
  <testcase classname="Com.Testcase.SampleProgram" name="method" time="0.026"/>
  <system-out/>
</testsuite> <!-- Com.Testcase.SampleProgram -->
